CRITICAL - 2024-02-23 07:21:52 --> ArgumentCountError: Too few arguments to function CodeIgniter\Router\RouteCollection::get(), 1 passed in C:\xampp\htdocs\GUEVARRA\app\Config\Routes.php on line 9 and at least 2 expected
in SYSTEMPATH\Router\RouteCollection.php on line 1017.
 1 APPPATH\Config\Routes.php(9): CodeIgniter\Router\RouteCollection->get('/user/addUserController::addUser')
 2 SYSTEMPATH\Router\RouteCollection.php(344): require('C:\\xampp\\htdocs\\GUEVARRA\\app\\Config\\Routes.php')
 3 SYSTEMPATH\CodeIgniter.php(810): CodeIgniter\Router\RouteCollection->loadRoutes()
 4 SYSTEMPATH\CodeIgniter.php(450): CodeIgniter\CodeIgniter->tryToRouteIt(null)
 5 SYSTEMPATH\CodeIgniter.php(361): CodeIgniter\CodeIgniter->handleRequest(null, Object(Config\Cache), false)
 6 FCPATH\index.php(79): CodeIgniter\CodeIgniter->run()
 7 SYSTEMPATH\Commands\Server\rewrite.php(47): require_once('C:\\xampp\\htdocs\\GUEVARRA\\public\\index.php')
CRITICAL - 2024-02-23 07:22:04 --> ArgumentCountError: Too few arguments to function CodeIgniter\Router\RouteCollection::get(), 1 passed in C:\xampp\htdocs\GUEVARRA\app\Config\Routes.php on line 9 and at least 2 expected
in SYSTEMPATH\Router\RouteCollection.php on line 1017.
 1 APPPATH\Config\Routes.php(9): CodeIgniter\Router\RouteCollection->get('/user/addUserController::addUser')
 2 SYSTEMPATH\Router\RouteCollection.php(344): require('C:\\xampp\\htdocs\\GUEVARRA\\app\\Config\\Routes.php')
 3 SYSTEMPATH\CodeIgniter.php(810): CodeIgniter\Router\RouteCollection->loadRoutes()
 4 SYSTEMPATH\CodeIgniter.php(450): CodeIgniter\CodeIgniter->tryToRouteIt(null)
 5 SYSTEMPATH\CodeIgniter.php(361): CodeIgniter\CodeIgniter->handleRequest(null, Object(Config\Cache), false)
 6 FCPATH\index.php(79): CodeIgniter\CodeIgniter->run()
 7 SYSTEMPATH\Commands\Server\rewrite.php(47): require_once('C:\\xampp\\htdocs\\GUEVARRA\\public\\index.php')
CRITICAL - 2024-02-23 07:24:49 --> RuntimeException: View themes, no current section.
in SYSTEMPATH\View\View.php on line 425.
 1 APPPATH\Views\user\add.php(5): CodeIgniter\View\View->endSection(' content')
 2 SYSTEMPATH\View\View.php(228): include('C:\\xampp\\htdocs\\GUEVARRA\\app\\Views\\user\\add.php')
 3 SYSTEMPATH\View\View.php(231): CodeIgniter\View\View->CodeIgniter\View\{closure}()
 4 SYSTEMPATH\Common.php(1178): CodeIgniter\View\View->render('user/add', [], true)
 5 APPPATH\Controllers\UserController.php(13): view('user/add')
 6 SYSTEMPATH\CodeIgniter.php(941): App\Controllers\UserController->addUser()
 7 SYSTEMPATH\CodeIgniter.php(502): CodeIgniter\CodeIgniter->runController(Object(App\Controllers\UserController))
 8 SYSTEMPATH\CodeIgniter.php(361): CodeIgniter\CodeIgniter->handleRequest(null, Object(Config\Cache), false)
 9 FCPATH\index.php(79): CodeIgniter\CodeIgniter->run()
10 SYSTEMPATH\Commands\Server\rewrite.php(47): require_once('C:\\xampp\\htdocs\\GUEVARRA\\public\\index.php')
CRITICAL - 2024-02-23 07:25:10 --> RuntimeException: View themes, no current section.
in SYSTEMPATH\View\View.php on line 425.
 1 APPPATH\Views\user\add.php(5): CodeIgniter\View\View->endSection('content')
 2 SYSTEMPATH\View\View.php(228): include('C:\\xampp\\htdocs\\GUEVARRA\\app\\Views\\user\\add.php')
 3 SYSTEMPATH\View\View.php(231): CodeIgniter\View\View->CodeIgniter\View\{closure}()
 4 SYSTEMPATH\Common.php(1178): CodeIgniter\View\View->render('user/add', [], true)
 5 APPPATH\Controllers\UserController.php(13): view('user/add')
 6 SYSTEMPATH\CodeIgniter.php(941): App\Controllers\UserController->addUser()
 7 SYSTEMPATH\CodeIgniter.php(502): CodeIgniter\CodeIgniter->runController(Object(App\Controllers\UserController))
 8 SYSTEMPATH\CodeIgniter.php(361): CodeIgniter\CodeIgniter->handleRequest(null, Object(Config\Cache), false)
 9 FCPATH\index.php(79): CodeIgniter\CodeIgniter->run()
10 SYSTEMPATH\Commands\Server\rewrite.php(47): require_once('C:\\xampp\\htdocs\\GUEVARRA\\public\\index.php')
